#
# A fatal error has been detected by the Java Runtime Environment:
#
#  SIGSEGV (0xb) at pc=0xb34e2295, pid=6938, tid=3060411200
#
# JRE version: 7.0_25-b30
# Java VM: OpenJDK Server VM (23.7-b01 mixed mode linux-x86 )
# Problematic frame:
# j  java.lang.String.getBytes()[B+0
#
# Failed to write core dump. Core dumps have been disabled. To enable core dumping, try "ulimit -c unlimited" before starting Java again
#
# If you would like to submit a bug report, please include
# instructions on how to reproduce the bug and visit:
#   https://bugs.launchpad.net/ubuntu/+source/openjdk-7/
#

---------------  T H R E A D  ---------------

Current thread (0xb6507400):  JavaThread "main" [_thread_in_Java, id=6940, stack(0xb6652000,0xb66a3000)]

siginfo:si_signo=SIGSEGV: si_errno=0, si_code=1 (SEGV_MAPERR), si_addr=0x2064654e

Registers:
EAX=0x2064654e, EBX=0x00000008, ECX=0x6d2875e0, EDX=0x00000008
ESP=0xb66a17d8, EBP=0xb66a17f8, ESI=0x6d205221, EDI=0xb66a1800
EIP=0xb34e2295, EFLAGS=0x00010206, CR2=0x2064654e

Top of Stack: (sp=0xb66a17d8)
0xb66a17d8:   b66a17d8 6d205220 b66a1800 6d2875e0
0xb66a17e8:   00000000 6d205248 00000000 b66a1800
0xb66a17f8:   b66a1818 b34cd459 2064654e b66a18c0
0xb66a1808:   00001fa0 b70fdff4 b6507400 b6507c60
0xb66a1818:   b66a1964 b6bf62ef b66a1868 b66a1a40
0xb66a1828:   0000000a 6d205248 b34d6c40 b66a1968
0xb66a1838:   00000001 b6507400 b691cda9 b66a19a0
0xb66a1848:   00000001 016a189c b34cd3f4 b34d6c40 

Instructions: (pc=0xb34e2295)
0xb34e2275:   00 52 50 e9 07 00 00 00 50 e9 01 00 00 00 50 8b
0xb34e2285:   07 0f b7 56 02 8b 4d ec c1 e2 02 8b 5c 91 18 46
0xb34e2295:   3b 00 8b 04 18 4e 0f b6 5e 04 83 c6 04 ff 24 9d
0xb34e22a5:   20 5c 12 b7 66 66 90 00 00 00 00 00 00 00 00 00 

Register to memory mapping:

EAX=0x2064654e is an unknown value
EBX=0x00000008 is an unknown value
ECX=0x6d2875e0 is an oop
{constant pool cache} 
 - klass: {other class}
EDX=0x00000008 is an unknown value
ESP=0xb66a17d8 is pointing into the stack for thread: 0xb6507400
EBP=0xb66a17f8 is pointing into the stack for thread: 0xb6507400
ESI=0x6d205221 is an oop
{constMethod} 
 - klass: {other class}
 - method:       0x6d205248 {method} 'getBytes' '()[B' in 'java/lang/String'
 - exceptions:   0x6d201030
bci_from(0x6d205221) = 1; print_codes():
EDI=0xb66a1800 is pointing into the stack for thread: 0xb6507400


Stack: [0xb6652000,0xb66a3000],  sp=0xb66a17d8,  free space=317k
Native frames: (J=compiled Java code, j=interpreted, Vv=VM code, C=native code)
j  java.lang.String.getBytes()[B+0
v  ~StubRoutines::call_stub
V  [libjvm.so+0x4242ef]  JavaCalls::call_helper(JavaValue*, methodHandle*, JavaCallArguments*, Thread*)+0x57f


---------------  P R O C E S S  ---------------

Java Threads: ( => current thread )
  0x67d19400 JavaThread "process reaper" daemon [_thread_blocked, id=6957, stack(0x67e10000,0x67e21000)]
  0x67d13000 JavaThread "AWT-XAWT" daemon [_thread_blocked, id=6955, stack(0x67e93000,0x67ee4000)]
  0x68ef3000 JavaThread "Java2D Disposer" daemon [_thread_blocked, id=6954, stack(0x67ee4000,0x67f35000)]
  0x693e1800 JavaThread "com.google.inject.internal.util.$Finalizer" daemon [_thread_blocked, id=6953, stack(0x68fd4000,0x69025000)]
  0x6999a800 JavaThread "Service Thread" daemon [_thread_blocked, id=6951, stack(0x694ba000,0x6950b000)]
  0x69998c00 JavaThread "C2 CompilerThread1" daemon [_thread_blocked, id=6950, stack(0x6950b000,0x6958c000)]
  0x69996c00 JavaThread "C2 CompilerThread0" daemon [_thread_blocked, id=6949, stack(0x6958c000,0x6960d000)]
  0x69995000 JavaThread "Signal Dispatcher" daemon [_thread_blocked, id=6948, stack(0x6960d000,0x6965e000)]
  0x69950800 JavaThread "Finalizer" daemon [_thread_blocked, id=6947, stack(0x6985e000,0x698af000)]
  0x6994ec00 JavaThread "Reference Handler" daemon [_thread_blocked, id=6946, stack(0x698af000,0x69900000)]
=>0xb6507400 JavaThread "main" [_thread_in_Java, id=6940, stack(0xb6652000,0xb66a3000)]

Other Threads:
  0x69948400 VMThread [stack: 0x6cb37000,0x6cbb8000] [id=6945]
  0x6999c400 WatcherThread [stack: 0x69439000,0x694ba000] [id=6952]

VM state:not at safepoint (normal execution)

VM Mutex/Monitor currently owned by a thread: None

Heap
 PSYoungGen      total 18560K, used 12180K [0x9e8b0000, 0xa0cf0000, 0xb3400000)
  eden space 15936K, 62% used [0x9e8b0000,0x9f259a90,0x9f840000)
  from space 2624K, 87% used [0x9f840000,0x9fa7b728,0x9fad0000)
  to   space 2624K, 0% used [0xa0a60000,0xa0a60000,0xa0cf0000)
 ParOldGen       total 42368K, used 0K [0x75200000, 0x77b60000, 0x9e8b0000)
  object space 42368K, 0% used [0x75200000,0x75200000,0x77b60000)
 PSPermGen       total 16384K, used 6623K [0x6d200000, 0x6e200000, 0x75200000)
  object space 16384K, 40% used [0x6d200000,0x6d877e90,0x6e200000)

Card table byte_map: [0x6cfce000,0x6d200000] byte_map_base: 0x6cc65000

Polling page: 0xb7718000

Code Cache  [0xb34cd000, 0xb370d000, 0xb64cd000)
 total_blobs=258 nmethods=66 adapters=144 free_code_cache=48704Kb largest_free_block=49860992

Compilation events (10 events):
Event: 2,470 Thread 0x69996c00 nmethod 62 0xb352b388 code [0xb352b460, 0xb352b4b0]
Event: 2,470 Thread 0x69996c00   63             java.util.zip.ZipFile::ensureOpen (37 bytes)
Event: 2,470 Thread 0x69998c00 nmethod 61 0xb352b208 code [0xb352b2e0, 0xb352b330]
Event: 2,470 Thread 0x69996c00 nmethod 63 0xb351a248 code [0xb351a340, 0xb351a3b0]
Event: 2,470 Thread 0x69998c00   64             java.util.zip.ZipCoder::getBytes (192 bytes)
Event: 2,470 Thread 0x69996c00   65             java.util.zip.ZipCoder::encoder (35 bytes)
Event: 2,471 Thread 0x69996c00 nmethod 65 0xb351a088 code [0xb351a180, 0xb351a1d0]
Event: 2,476 Thread 0x69998c00 nmethod 64 0xb3534ec8 code [0xb3535060, 0xb35355e0]
Event: 3,319 Thread 0x69996c00   66             java.lang.String::equals (81 bytes)
Event: 3,324 Thread 0x69996c00 nmethod 66 0xb353fa48 code [0xb353fb40, 0xb353fd50]

GC Heap History (2 events):
Event: 1,109 GC heap before
{Heap before GC invocations=1 (full 0):
 PSYoungGen      total 18560K, used 15936K [0x9e8b0000, 0x9fd60000, 0xb3400000)
  eden space 15936K, 100% used [0x9e8b0000,0x9f840000,0x9f840000)
  from space 2624K, 0% used [0x9fad0000,0x9fad0000,0x9fd60000)
  to   space 2624K, 0% used [0x9f840000,0x9f840000,0x9fad0000)
 ParOldGen       total 42368K, used 0K [0x75200000, 0x77b60000, 0x9e8b0000)
  object space 42368K, 0% used [0x75200000,0x75200000,0x77b60000)
 PSPermGen       total 16384K, used 4442K [0x6d200000, 0x6e200000, 0x75200000)
  object space 16384K, 27% used [0x6d200000,0x6d656b20,0x6e200000)
Event: 1,123 GC heap after
Heap after GC invocations=1 (full 0):
 PSYoungGen      total 18560K, used 2285K [0x9e8b0000, 0xa0cf0000, 0xb3400000)
  eden space 15936K, 0% used [0x9e8b0000,0x9e8b0000,0x9f840000)
  from space 2624K, 87% used [0x9f840000,0x9fa7b728,0x9fad0000)
  to   space 2624K, 0% used [0xa0a60000,0xa0a60000,0xa0cf0000)
 ParOldGen       total 42368K, used 0K [0x75200000, 0x77b60000, 0x9e8b0000)
  object space 42368K, 0% used [0x75200000,0x75200000,0x77b60000)
 PSPermGen       total 16384K, used 4442K [0x6d200000, 0x6e200000, 0x75200000)
  object space 16384K, 27% used [0x6d200000,0x6d656b20,0x6e200000)
}

Deoptimization events (3 events):
Event: 2,521 Thread 0xb6507400 Uncommon trap -83 fr.pc 0xb3527aa0
Event: 2,521 Thread 0xb6507400 Uncommon trap -83 fr.pc 0xb3535418
Event: 2,536 Thread 0xb6507400 Uncommon trap -12 fr.pc 0xb351b6d8

Internal exceptions (10 events):
Event: 3,146 Thread 0xb6507400 Threw 0x9f229bc0 at /build/buildd/openjdk-7-7u25-2.3.10/build/openjdk/hotspot/src/share/vm/prims/jvm.cpp:1235
Event: 3,146 Thread 0xb6507400 Threw 0x9f230c00 at /build/buildd/openjdk-7-7u25-2.3.10/build/openjdk/hotspot/src/share/vm/prims/jvm.cpp:1235
Event: 3,147 Thread 0xb6507400 Threw 0x9f234eb0 at /build/buildd/openjdk-7-7u25-2.3.10/build/openjdk/hotspot/src/share/vm/prims/jvm.cpp:1235
Event: 3,148 Thread 0xb6507400 Threw 0x9f237e48 at /build/buildd/openjdk-7-7u25-2.3.10/build/openjdk/hotspot/src/share/vm/prims/jvm.cpp:1235
Event: 3,316 Thread 0xb6507400 Threw 0x9f23b1c8 at /build/buildd/openjdk-7-7u25-2.3.10/build/openjdk/hotspot/src/share/vm/prims/jvm.cpp:1235
Event: 3,317 Thread 0xb6507400 Threw 0x9f2459c0 at /build/buildd/openjdk-7-7u25-2.3.10/build/openjdk/hotspot/src/share/vm/prims/jvm.cpp:1235
Event: 3,318 Thread 0xb6507400 Threw 0x9f248ba8 at /build/buildd/openjdk-7-7u25-2.3.10/build/openjdk/hotspot/src/share/vm/prims/jvm.cpp:1235
Event: 3,318 Thread 0xb6507400 Threw 0x9f24e9b8 at /build/buildd/openjdk-7-7u25-2.3.10/build/openjdk/hotspot/src/share/vm/prims/jvm.cpp:1235
Event: 3,319 Thread 0xb6507400 Threw 0x9f2521d8 at /build/buildd/openjdk-7-7u25-2.3.10/build/openjdk/hotspot/src/share/vm/prims/jvm.cpp:1235
Event: 3,329 Thread 0xb6507400 Threw 0x9f256570 at /build/buildd/openjdk-7-7u25-2.3.10/build/openjdk/hotspot/src/share/vm/prims/jvm.cpp:1235

Events (10 events):
Event: 3,318 loading class 0x67d50bc8
Event: 3,318 loading class 0x67d50bc8 done
Event: 3,319 loading class 0x67d504a0
Event: 3,319 loading class 0x67d504a0 done
Event: 3,329 loading class 0x67d4e1c0
Event: 3,329 loading class 0x67d4e1c0 done
Event: 3,329 loading class 0x699828e8
Event: 3,329 loading class 0x699828e8 done
Event: 3,329 Executing VM operation: Deoptimize
Event: 3,329 Executing VM operation: Deoptimize done


Dynamic libraries:
08048000-08049000 r-xp 00000000 08:01 4468240    /usr/lib/jvm/java-7-openjdk-i386/jre/bin/java
08049000-0804a000 r--p 00000000 08:01 4468240    /usr/lib/jvm/java-7-openjdk-i386/jre/bin/java
0804a000-0804b000 rw-p 00001000 08:01 4468240    /usr/lib/jvm/java-7-openjdk-i386/jre/bin/java
083fc000-08753000 rw-p 00000000 00:00 0          [heap]
65c13000-65deb000 rw-p 00000000 00:00 0 
65deb000-65e6b000 rw-s 10a579000 00:05 8146      /dev/dri/card0
65e6b000-672c8000 r-xp 00000000 08:01 4460936    /usr/lib/i386-linux-gnu/libLLVM-3.2.so.1
672c8000-67375000 r--p 0145d000 08:01 4460936    /usr/lib/i386-linux-gnu/libLLVM-3.2.so.1
67375000-67378000 rw-p 0150a000 08:01 4460936    /usr/lib/i386-linux-gnu/libLLVM-3.2.so.1
67378000-67382000 rw-p 00000000 00:00 0 
67382000-6758d000 r-xp 00000000 08:01 4458030    /usr/lib/i386-linux-gnu/libgallium.so.0.0.0
6758d000-6758e000 ---p 0020b000 08:01 4458030    /usr/lib/i386-linux-gnu/libgallium.so.0.0.0
6758e000-67597000 r--p 0020b000 08:01 4458030    /usr/lib/i386-linux-gnu/libgallium.so.0.0.0
67597000-67598000 rw-p 00214000 08:01 4458030    /usr/lib/i386-linux-gnu/libgallium.so.0.0.0
67598000-67760000 rw-p 00000000 00:00 0 
67760000-67aff000 r-xp 00000000 08:01 4461770    /usr/lib/i386-linux-gnu/libdricore9.1.7.so.1.0.0
67aff000-67b08000 r--p 0039f000 08:01 4461770    /usr/lib/i386-linux-gnu/libdricore9.1.7.so.1.0.0
67b08000-67b0d000 rw-p 003a8000 08:01 4461770    /usr/lib/i386-linux-gnu/libdricore9.1.7.so.1.0.0
67b0d000-67b22000 rw-p 00000000 00:00 0 
67b22000-67c50000 r-xp 00000000 08:01 4461766    /usr/lib/i386-linux-gnu/dri/nouveau_dri.so
67c50000-67c51000 r--p 0012e000 08:01 4461766    /usr/lib/i386-linux-gnu/dri/nouveau_dri.so
67c51000-67c52000 rw-p 0012f000 08:01 4461766    /usr/lib/i386-linux-gnu/dri/nouveau_dri.so
67c52000-67c54000 rw-p 00000000 00:00 0 
67c54000-67c5f000 r-xp 00000000 08:01 4470730    /usr/lib/i386-linux-gnu/libdrm.so.2.4.0
67c5f000-67c60000 r--p 0000a000 08:01 4470730    /usr/lib/i386-linux-gnu/libdrm.so.2.4.0
67c60000-67c61000 rw-p 0000b000 08:01 4470730    /usr/lib/i386-linux-gnu/libdrm.so.2.4.0
67c61000-67c77000 r-xp 00000000 08:01 4461579    /usr/lib/i386-linux-gnu/libxcb-glx.so.0.0.0
67c77000-67c78000 r--p 00016000 08:01 4461579    /usr/lib/i386-linux-gnu/libxcb-glx.so.0.0.0
67c78000-67c79000 rw-p 00017000 08:01 4461579    /usr/lib/i386-linux-gnu/libxcb-glx.so.0.0.0
67c79000-67c88000 r-xp 00000000 08:01 4456691    /usr/lib/i386-linux-gnu/libglapi.so.0.0.0
67c88000-67c8a000 r--p 0000f000 08:01 4456691    /usr/lib/i386-linux-gnu/libglapi.so.0.0.0
67c8a000-67c8f000 rwxp 00011000 08:01 4456691    /usr/lib/i386-linux-gnu/libglapi.so.0.0.0
67c8f000-67ce2000 r-xp 00000000 08:01 4456688    /usr/lib/i386-linux-gnu/mesa/libGL.so.1.2.0
67ce2000-67ce4000 r--p 00052000 08:01 4456688    /usr/lib/i386-linux-gnu/mesa/libGL.so.1.2.0
67ce4000-67ce8000 rwxp 00054000 08:01 4456688    /usr/lib/i386-linux-gnu/mesa/libGL.so.1.2.0
67ce8000-67ce9000 rwxp 00000000 00:00 0 
67d00000-67d8e000 rw-p 00000000 00:00 0 
67d8e000-67e00000 ---p 00000000 00:00 0 
67e03000-67e09000 r-xp 00000000 08:01 4461150    /usr/lib/i386-linux-gnu/libdrm_nouveau.so.2.0.0
67e09000-67e0a000 r--p 00005000 08:01 4461150    /usr/lib/i386-linux-gnu/libdrm_nouveau.so.2.0.0
67e0a000-67e0b000 rw-p 00006000 08:01 4461150    /usr/lib/i386-linux-gnu/libdrm_nouveau.so.2.0.0
67e0b000-67e0e000 r-xp 00000000 08:01 4461577    /usr/lib/i386-linux-gnu/libxcb-dri2.so.0.0.0
67e0e000-67e0f000 r--p 00003000 08:01 4461577    /usr/lib/i386-linux-gnu/libxcb-dri2.so.0.0.0
67e0f000-67e10000 rw-p 00004000 08:01 4461577    /usr/lib/i386-linux-gnu/libxcb-dri2.so.0.0.0
67e10000-67e13000 ---p 00000000 00:00 0 
67e13000-67e21000 rw-p 00000000 00:00 0          [stack:6957]
67e21000-67e90000 r-xp 00000000 08:01 4468509    /usr/lib/jni/liblwjgl.so
67e90000-67e91000 r--p 0006e000 08:01 4468509    /usr/lib/jni/liblwjgl.so
67e91000-67e92000 rw-p 0006f000 08:01 4468509    /usr/lib/jni/liblwjgl.so
67e92000-67e93000 rw-p 00000000 00:00 0 
67e93000-67e96000 ---p 00000000 00:00 0 
67e96000-67ee4000 rw-p 00000000 00:00 0          [stack:6955]
67ee4000-67ee7000 ---p 00000000 00:00 0 
67ee7000-67f35000 rw-p 00000000 00:00 0          [stack:6954]
67f35000-67f5a000 r--p 00000000 08:01 267265     /usr/share/locale-langpack/fr/LC_MESSAGES/libc.mo
67f5a000-67f5d000 r-xp 00000000 08:01 787357     /lib/i386-linux-gnu/libgpg-error.so.0.8.0
67f5d000-67f5e000 r--p 00002000 08:01 787357     /lib/i386-linux-gnu/libgpg-error.so.0.8.0
67f5e000-67f5f000 rw-p 00003000 08:01 787357     /lib/i386-linux-gnu/libgpg-error.so.0.8.0
67f5f000-67f61000 r-xp 00000000 08:01 787361     /lib/i386-linux-gnu/libkeyutils.so.1.4
67f61000-67f62000 r--p 00002000 08:01 787361     /lib/i386-linux-gnu/libkeyutils.so.1.4
67f62000-67f63000 rw-p 00003000 08:01 787361     /lib/i386-linux-gnu/libkeyutils.so.1.4
67f63000-67faa000 r-xp 00000000 08:01 787342     /lib/i386-linux-gnu/libdbus-1.so.3.5.8
67faa000-67fab000 r--p 00047000 08:01 787342     /lib/i386-linux-gnu/libdbus-1.so.3.5.8
67fab000-67fac000 rw-p 00048000 08:01 787342     /lib/i386-linux-gnu/libdbus-1.so.3.5.8
67fac000-67fbc000 r-xp 00000000 08:01 4461414    /usr/lib/i386-linux-gnu/libp11-kit.so.0.0.0
67fbc000-67fbd000 r--p 0000f000 08:01 4461414    /usr/lib/i386-linux-gnu/libp11-kit.so.0.0.0
67fbd000-67fbe000 rw-p 00010000 08:01 4461414    /usr/lib/i386-linux-gnu/libp11-kit.so.0.0.0
67fbe000-68040000 r-xp 00000000 08:01 787353     /lib/i386-linux-gnu/libgcrypt.so.11.7.0
68040000-68041000 r--p 00081000 08:01 787353     /lib/i386-linux-gnu/libgcrypt.so.11.7.0
68041000-68043000 rw-p 00082000 08:01 787353     /lib/i386-linux-gnu/libgcrypt.so.11.7.0
68043000-68053000 r-xp 00000000 08:01 4461531    /usr/lib/i386-linux-gnu/libtasn1.so.3.1.12
68053000-68054000 r--p 0000f000 08:01 4461531    /usr/lib/i386-linux-gnu/libtasn1.so.3.1.12
68054000-68055000 rw-p 00010000 08:01 4461531    /usr/lib/i386-linux-gnu/libtasn1.so.3.1.12
68055000-6805c000 r-xp 00000000 08:01 4461350    /usr/lib/i386-linux-gnu/libkrb5support.so.0.1
6805c000-6805d000 r--p 00006000 08:01 4461350    /usr/lib/i386-linux-gnu/libkrb5support.so.0.1
6805d000-6805e000 rw-p 00007000 08:01 4461350    /usr/lib/i386-linux-gnu/libkrb5support.so.0.1
6805e000-68061000 r-xp 00000000 08:01 787337     /lib/i386-linux-gnu/libcom_err.so.2.1
68061000-68062000 r--p 00002000 08:01 787337     /lib/i386-linux-gnu/libcom_err.so.2.1
68062000-68063000 rw-p 00003000 08:01 787337     /lib/i386-linux-gnu/libcom_err.so.2.1
68063000-68089000 r-xp 00000000 08:01 4461344    /usr/lib/i386-linux-gnu/libk5crypto.so.3.1
68089000-6808a000 r--p 00025000 08:01 4461344    /usr/lib/i386-linux-gnu/libk5crypto.so.3.1
6808a000-6808b000 rw-p 00026000 08:01 4461344    /usr/lib/i386-linux-gnu/libk5crypto.so.3.1
6808b000-68153000 r-xp 00000000 08:01 4461348    /usr/lib/i386-linux-gnu/libkrb5.so.3.3
68153000-68159000 r--p 000c7000 08:01 4461348    /usr/lib/i386-linux-gnu/libkrb5.so.3.3
68159000-6815a000 rw-p 000cd000 08:01 4461348    /usr/lib/i386-linux-gnu/libkrb5.so.3.3
6815a000-68162000 r-xp 00000000 08:01 4461581    /usr/lib/i386-linux-gnu/libxcb-render.so.0.0.0
68162000-68163000 r--p 00008000 08:01 4461581    /usr/lib/i386-linux-gnu/libxcb-render.so.0.0.0
68163000-68164000 rw-p 00009000 08:01 4461581    /usr/lib/i386-linux-gnu/libxcb-render.so.0.0.0
68164000-68166000 r-xp 00000000 08:01 4461585    /usr/lib/i386-linux-gnu/libxcb-shm.so.0.0.0
68166000-68167000 r--p 00001000 08:01 4461585    /usr/lib/i386-linux-gnu/libxcb-shm.so.0.0.0
68167000-68168000 rw-p 00002000 08:01 4461585    /usr/lib/i386-linux-gnu/libxcb-shm.so.0.0.0
68168000-68190000 r-xp 00000000 08:01 787407     /lib/i386-linux-gnu/libpng12.so.0.46.0
68190000-68191000 r--p 00027000 08:01 787407     /lib/i386-linux-gnu/libpng12.so.0.46.0
68191000-68192000 rw-p 00028000 08:01 787407     /lib/i386-linux-gnu/libpng12.so.0.46.0
68192000-68225000 r-xp 00000000 08:01 4461440    /usr/lib/i386-linux-gnu/libpixman-1.so.0.24.4
68225000-68229000 r--p 00092000 08:01 4461440    /usr/lib/i386-linux-gnu/libpixman-1.so.0.24.4
68229000-6822a000 rw-p 00096000 08:01 4461440    /usr/lib/i386-linux-gnu/libpixman-1.so.0.24.4
6822a000-6822f000 r-xp 00000000 08:01 4460993    /usr/lib/i386-linux-gnu/libXdmcp.so.6.0.0
6822f000-68230000 r--p 00004000 08:01 4460993    /usr/lib/i386-linux-gnu/libXdmcp.so.6.0.0
68230000-68231000 rw-p 00005000 08:01 4460993    /usr/lib/i386-linux-gnu/libXdmcp.so.6.0.0
68231000-68233000 r-xp 00000000 08:01 4460982    /usr/lib/i386-linux-gnu/libXau.so.6.0.0
68233000-68234000 r--p 00001000 08:01 4460982    /usr/lib/i386-linux-gnu/libXau.so.6.0.0
68234000-68235000 rw-p 00002000 08:01 4460982    /usr/lib/i386-linux-gnu/libXau.so.6.0.0
68235000-68245000 r-xp 00000000 08:01 4461053    /usr/lib/i386-linux-gnu/libavahi-client.so.3.2.9
68245000-68246000 r--p 0000f000 08:01 4461053    /usr/lib/i386-linux-gnu/libavahi-client.so.3.2.9
68246000-68247000 rw-p 00010000 08:01 4461053    /usr/lib/i386-linux-gnu/libavahi-client.so.3.2.9
68247000-68253000 r-xp 00000000 08:01 4461055    /usr/lib/i386-linux-gnu/libavahi-common.so.3.5.3
68253000-68254000 r--p 0000b000 08:01 4461055    /usr/lib/i386-linux-gnu/libavahi-common.so.3.5.3
68254000-68255000 rw-p 0000c000 08:01 4461055    /usr/lib/i386-linux-gnu/libavahi-common.so.3.5.3
68255000-68314000 r-xp 00000000 08:01 4457465    /usr/lib/i386-linux-gnu/libgnutls.so.26.21.8
68314000-68318000 r--p 000bf000 08:01 4457465    /usr/lib/i386-linux-gnu/libgnutls.so.26.21.8
68318000-68319000 rw-p 000c3000 08:01 4457465    /usr/lib/i386-linux-gnu/libgnutls.so.26.21.8
68319000-68354000 r-xp 00000000 08:01 4461255    /usr/lib/i386-linux-gnu/libgssapi_krb5.so.2.2
68354000-68355000 ---p 0003b000 08:01 4461255    /usr/lib/i386-linux-gnu/libgssapi_krb5.so.2.2
68355000-68356000 r--p 0003b000 08:01 4461255    /usr/lib/i386-linux-gnu/libgssapi_krb5.so.2.2
68356000-68357000 rw-p 0003c000 08:01 4461255    /usr/lib/i386-linux-gnu/libgssapi_krb5.so.2.2
68357000-6837d000 r-xp 00000000 08:01 787348     /lib/i386-linux-gnu/libexpat.so.1.5.2
6837d000-6837e000 ---p 00026000 08:01 787348     /lib/i386-linux-gnu/libexpat.so.1.5.2
6837e000-68380000 r--p 00026000 08:01 787348     /lib/i386-linux-gnu/libexpat.so.1.5.2
68380000-68381000 rw-p 00028000 08:01 787348     /lib/i386-linux-gnu/libexpat.so.1.5.2
68381000-68416000 r-xp 00000000 08:01 4461185    /usr/lib/i386-linux-gnu/libfreetype.so.6.8.0
68416000-6841a000 r--p 00094000 08:01 4461185    /usr/lib/i386-linux-gnu/libfreetype.so.6.8.0
6841a000-6841b000 rw-p 00098000 08:01 4461185    /usr/lib/i386-linux-gnu/libfreetype.so.6.8.0
6841b000-6841d000 r-xp 00000000 08:01 4460991    /usr/lib/i386-linux-gnu/libXdamage.so.1.1.0
6841d000-6841e000 r--p 00001000 08:01 4460991    /usr/lib/i386-linux-gnu/libXdamage.so.1.1.0
6841e000-6841f000 rw-p 00002000 08:01 4460991    /usr/lib/i386-linux-gnu/libXdamage.so.1.1.0
6841f000-68428000 r-xp 00000000 08:01 4460989    /usr/lib/i386-linux-gnu/libXcursor.so.1.0.2
68428000-68429000 r--p 00008000 08:01 4460989    /usr/lib/i386-linux-gnu/libXcursor.so.1.0.2
68429000-6842a000 rw-p 00009000 08:01 4460989    /usr/lib/i386-linux-gnu/libXcursor.so.1.0.2
6842a000-68454000 r-xp 00000000 08:01 4461424    /usr/lib/i386-linux-gnu/libpangoft2-1.0.so.0.3000.0
68454000-68455000 r--p 00029000 08:01 4461424    /usr/lib/i386-linux-gnu/libpangoft2-1.0.so.0.3000.0
68455000-68456000 rw-p 0002a000 08:01 4461424    /usr/lib/i386-linux-gnu/libpangoft2-1.0.so.0.3000.0
68456000-6851d000 r-xp 00000000 08:01 4461083    /usr/lib/i386-linux-gnu/libcairo.so.2.11000.2
6851d000-6851e000 r--p 000c7000 08:01 4461083    /usr/lib/i386-linux-gnu/libcairo.so.2.11000.2
6851e000-6851f000 rw-p 000c8000 08:01 4461083    /usr/lib/i386-linux-gnu/libcairo.so.2.11000.2
6851f000-68521000 rw-p 00000000 00:00 0 
68521000-6853e000 r-xp 00000000 08:01 4461045    /usr/lib/i386-linux-gnu/libatk-1.0.so.0.20409.1
6853e000-68540000 r--p 0001c000 08:01 4461045    /usr/lib/i386-linux-gnu/libatk-1.0.so.0.20409.1
68540000-68541000 rw-p 0001e000 08:01 4461045    /usr/lib/i386-linux-gnu/libatk-1.0.so.0.20409.1
68541000-68560000 r-xp 00000000 08:01 4461589    /usr/lib/i386-linux-gnu/libxcb.so.1.1.0
68560000-68561000 r--p 0001f000 08:01 4461589    /usr/lib/i386-linux-gnu/libxcb.so.1.1.0
68561000-68562000 rw-p 00020000 08:01 4461589    /usr/lib/i386-linux-gnu/libxcb.so.1.1.0
68562000-685b1000 r-xp 00000000 08:01 4461107    /usr/lib/i386-linux-gnu/libcups.so.2
685b1000-685b4000 r--p 0004e000 08:01 4461107    /usr/lib/i386-linux-gnu/libcups.so.2
685b4000-685b5000 rw-p 00051000 08:01 4461107    /usr/lib/i386-linux-gnu/libcups.so.2
685b5000-68660000 r-xp 00000000 08:01 4461204    /usr/lib/i386-linux-gnu/libgdk-x11-2.0.so.0.2400.10
68660000-68661000 ---p 000ab000 08:01 4461204    /usr/lib/i386-linux-gnu/libgdk-x11-2.0.so.0.2400.10
68661000-68663000 r--p 000ab000 08:01 4461204    /usr/lib/i386-linux-gnu/libgdk-x11-2.0.so.0.2400.10
68663000-68664000 rw-p 000ad000 08:01 4461204    /usr/lib/i386-linux-gnu/libgdk-x11-2.0.so.0.2400.10
68664000-68ac4000 r-xp 00000000 08:01 4461303    /usr/lib/i386-linux-gnu/libgtk-x11-2.0.so.0.2400.10
68ac4000-68ac8000 r--p 00460000 08:01 4461303    /usr/lib/i386-linux-gnu/libgtk-x11-2.0.so.0.2400.10
68ac8000-68aca000 rw-p 00464000 08:01 4461303    /usr/lib/i386-linux-gnu/libgtk-x11-2.0.so.0.2400.10
68aca000-68acc000 rw-p 00000000 00:00 0 
68acc000-68bfc000 r-xp 00000000 08:01 4468500    /usr/lib/i386-linux-gnu/libX11.so.6.3.0
68bfc000-68bfd000 r--p 0012f000 08:01 4468500    /usr/lib/i386-linux-gnu/libX11.so.6.3.0
68bfd000-68bff000 rw-p 00130000 08:01 4468500    /usr/lib/i386-linux-gnu/libX11.so.6.3.0
68bff000-68c00000 rw-p 00000000 00:00 0 
68c00000-68cfa000 rw-p 00000000 00:00 0 
68cfa000-68d00000 ---p 00000000 00:00 0 
68d02000-68d09000 r-xp 00000000 08:01 4461013    /usr/lib/i386-linux-gnu/libXrandr.so.2.2.0
68d09000-68d0a000 r--p 00006000 08:01 4461013    /usr/lib/i386-linux-gnu/libXrandr.so.2.2.0
68d0a000-68d0b000 rw-p 00007000 08:01 4461013    /usr/lib/i386-linux-gnu/libXrandr.so.2.2.0
68d0b000-68d3d000 r-xp 00000000 08:01 4461177    /usr/lib/i386-linux-gnu/libfontconfig.so.1.4.4
68d3d000-68d3e000 r--p 00032000 08:01 4461177    /usr/lib/i386-linux-gnu/libfontconfig.so.1.4.4
68d3e000-68d3f000 rw-p 00033000 08:01 4461177    /usr/lib/i386-linux-gnu/libfontconfig.so.1.4.4
68d3f000-68d86000 r-xp 00000000 08:01 4461420    /usr/lib/i386-linux-gnu/libpango-1.0.so.0.3000.0
68d86000-68d87000 ---p 00047000 08:01 4461420    /usr/lib/i386-linux-gnu/libpango-1.0.so.0.3000.0
68d87000-68d88000 r--p 00047000 08:01 4461420    /usr/lib/i386-linux-gnu/libpango-1.0.so.0.3000.0
68d88000-68d89000 rw-p 00048000 08:01 4461420    /usr/lib/i386-linux-gnu/libpango-1.0.so.0.3000.0
68d89000-68da8000 r-xp 00000000 08:01 4461206    /usr/lib/i386-linux-gnu/libgdk_pixbuf-2.0.so.0.2600.1
68da8000-68da9000 r--p 0001e000 08:01 4461206    /usr/lib/i386-linux-gnu/libgdk_pixbuf-2.0.so.0.2600.1
68da9000-68daa000 rw-p 0001f000 08:01 4461206    /usr/lib/i386-linux-gnu/libgdk_pixbuf-2.0.so.0.2600.1
68daa000-68dfc000 r-xp 00000000 08:01 4468348    /usr/lib/jvm/java-7-openjdk-i386/jre/lib/i386/xawt/libmawt.so
68dfc000-68dfd000 r--p 00051000 08:01 4468348    /usr/lib/jvm/java-7-openjdk-i386/jre/lib/i386/xawt/libmawt.so
68dfd000-68dff000 rw-p 00052000 08:01 4468348    /usr/lib/jvm/java-7-openjdk-i386/jre/lib/i386/xawt/libmawt.so
68dff000-68e00000 rw-p 00000000 00:00 0 
68e00000-68f00000 rw-p 00000000 00:00 0 
68f02000-68f04000 r-xp 00000000 08:01 4460987    /usr/lib/i386-linux-gnu/libXcomposite.so.1.0.0
68f04000-68f05000 r--p 00001000 08:01 4460987    /usr/lib/i386-linux-gnu/libXcomposite.so.1.0.0
68f05000-68f06000 rw-p 00002000 08:01 4460987    /usr/lib/i386-linux-gnu/libXcomposite.so.1.0.0
68f06000-68f08000 r-xp 00000000 08:01 4461003    /usr/lib/i386-linux-gnu/libXinerama.so.1.0.0
68f08000-68f09000 r--p 00001000 08:01 4461003    /usr/lib/i386-linux-gnu/libXinerama.so.1.0.0
68f09000-68f0a000 rw-p 00002000 08:01 4461003    /usr/lib/i386-linux-gnu/libXinerama.so.1.0.0
68f0a000-68f15000 r-xp 00000000 08:01 4461422    /usr/lib/i386-linux-gnu/libpangocairo-1.0.so.0.3000.0
68f15000-68f16000 r--p 0000a000 08:01 4461422    /usr/lib/i386-linux-gnu/libpangocairo-1.0.so.0.3000.0
68f16000-68f17000 rw-p 0000b000 08:01 4461422    /usr/lib/i386-linux-gnu/libpangocairo-1.0.so.0.3000.0
68f17000-68fa8000 r-xp 00000000 08:01 4468229    /usr/lib/jvm/java-7-openjdk-i386/jre/lib/i386/libawt.so
68fa8000-68fa9000 r--p 00090000 08:01 4468229    /usr/lib/jvm/java-7-openjdk-i386/jre/lib/i386/libawt.so
68fa9000-68fb0000 rw-p 00091000 08:01 4468229    /usr/lib/jvm/java-7-openjdk-i386/jre/lib/i386/libawt.so
68fb0000-68fd4000 rw-p 00000000 00:00 0 
68fd4000-68fd7000 ---p 00000000 00:00 0 
68fd7000-69025000 rw-p 00000000 00:00 0          [stack:6953]
69025000-6905f000 r-xp 00000000 08:01 787403     /lib/i386-linux-gnu/libpcre.so.3.12.1
6905f000-69060000 r--p 00039000 08:01 787403     /lib/i386-linux-gnu/libpcre.so.3.12.1
69060000-69061000 rw-p 0003a000 08:01 787403     /lib/i386-linux-gnu/libpcre.so.3.12.1
69061000-69158000 r-xp 00000000 08:01 802277     /lib/i386-linux-gnu/libglib-2.0.so.0.3200.4
69158000-69159000 r--p 000f6000 08:01 802277     /lib/i386-linux-gnu/libglib-2.0.so.0.3200.4
69159000-6915a000 rw-p 000f7000 08:01 802277     /lib/i386-linux-gnu/libglib-2.0.so.0.3200.4
6915a000-691a7000 r-xp 00000000 08:01 4456683    /usr/lib/i386-linux-gnu/libgobject-2.0.so.0.3200.4
691a7000-691a8000 r--p 0004c000 08:01 4456683    /usr/lib/i386-linux-gnu/libgobject-2.0.so.0.3200.4
691a8000-691a9000 rw-p 0004d000 08:01 4456683    /usr/lib/i386-linux-gnu/libgobject-2.0.so.0.3200.4
691a9000-692fc000 r-xp 00000000 08:01 4456684    /usr/lib/i386-linux-gnu/libgio-2.0.so.0.3200.4
692fc000-692fe000 r--p 00153000 08:01 4456684    /usr/lib/i386-linux-gnu/libgio-2.0.so.0.3200.4
692fe000-692ff000 rw-p 00155000 08:01 4456684    /usr/lib/i386-linux-gnu/libgio-2.0.so.0.3200.4
692ff000-69300000 rw-p 00000000 00:00 0 
69300000-69400000 rw-p 00000000 00:00 0 
69400000-69404000 r-xp 00000000 08:01 4460997    /usr/lib/i386-linux-gnu/libXfixes.so.3.1.0
69404000-69405000 r--p 00004000 08:01 4460997    /usr/lib/i386-linux-gnu/libXfixes.so.3.1.0
69405000-69406000 rw-p 00005000 08:01 4460997    /usr/lib/i386-linux-gnu/libXfixes.so.3.1.0
69406000-69414000 r-xp 00000000 08:01 4461001    /usr/lib/i386-linux-gnu/libXi.so.6.1.0
69414000-69415000 r--p 0000d000 08:01 4461001    /usr/lib/i386-linux-gnu/libXi.so.6.1.0
69415000-69416000 rw-p 0000e000 08:01 4461001    /usr/lib/i386-linux-gnu/libXi.so.6.1.0
69416000-6941b000 r-xp 00000000 08:01 4461021    /usr/lib/i386-linux-gnu/libXtst.so.6.1.0
6941b000-6941c000 r--p 00004000 08:01 4461021    /usr/lib/i386-linux-gnu/libXtst.so.6.1.0
6941c000-6941d000 rw-p 00005000 08:01 4461021    /usr/lib/i386-linux-gnu/libXtst.so.6.1.0
6941d000-69425000 r-xp 00000000 08:01 4461017    /usr/lib/i386-linux-gnu/libXrender.so.1.3.0
69425000-69426000 r--p 00007000 08:01 4461017    /usr/lib/i386-linux-gnu/libXrender.so.1.3.0
69426000-69427000 rw-p 00008000 08:01 4461017    /usr/lib/i386-linux-gnu/libXrender.so.1.3.0
69427000-69437000 r-xp 00000000 08:01 4460995    /usr/lib/i386-linux-gnu/libXext.so.6.4.0
69437000-69438000 r--p 0000f000 08:01 4460995    /usr/lib/i386-linux-gnu/libXext.so.6.4.0
69438000-69439000 rw-p 00010000 08:01 4460995    /usr/lib/i386-linux-gnu/libXext.so.6.4.0
69439000-6943a000 ---p 00000000 00:00 0 
6943a000-694ba000 rw-p 00000000 00:00 0          [stack:6952]
694ba000-694bd000 ---p 00000000 00:00 0 
694bd000-6950b000 rw-p 00000000 00:00 0          [stack:6951]
6950b000-6950e000 ---p 00000000 00:00 0 
6950e000-6958c000 rw-p 00000000 00:00 0          [stack:6950]
6958c000-6958f000 ---p 00000000 00:00 0 
6958f000-6960d000 rw-p 00000000 00:00 0          [stack:6949]
6960d000-69610000 ---p 00000000 00:00 0 
69610000-6965e000 rw-p 00000000 00:00 0          [stack:6948]
6965e000-6985e000 r--p 00000000 08:01 4463926    /usr/lib/locale/locale-archive
6985e000-69861000 ---p 00000000 00:00 0 
69861000-698af000 rw-p 00000000 00:00 0          [stack:6947]
698af000-698b2000 ---p 00000000 00:00 0 
698b2000-69900000 rw-p 00000000 00:00 0          [stack:6946]
69900000-69a00000 rw-p 00000000 00:00 0 
69a00000-69a13000 r-xp 00000000 08:01 786631     /lib/i386-linux-gnu/libresolv-2.15.so
69a13000-69a14000 ---p 00013000 08:01 786631     /lib/i386-linux-gnu/libresolv-2.15.so
69a14000-69a15000 r--p 00013000 08:01 786631     /lib/i386-linux-gnu/libresolv-2.15.so
69a15000-69a16000 rw-p 00014000 08:01 786631     /lib/i386-linux-gnu/libresolv-2.15.so
69a16000-69a18000 rw-p 00000000 00:00 0 
69a18000-69a35000 r-xp 00000000 08:01 787418     /lib/i386-linux-gnu/libselinux.so.1
69a35000-69a36000 r--p 0001c000 08:01 787418     /lib/i386-linux-gnu/libselinux.so.1
69a36000-69a37000 rw-p 0001d000 08:01 787418     /lib/i386-linux-gnu/libselinux.so.1
69a3b000-69a3c000 r-xp 00000000 08:01 4460979    /usr/lib/i386-linux-gnu/libX11-xcb.so.1.0.0
69a3c000-69a3d000 r--p 00000000 08:01 4460979    /usr/lib/i386-linux-gnu/libX11-xcb.so.1.0.0
69a3d000-69a3e000 rw-p 00001000 08:01 4460979    /usr/lib/i386-linux-gnu/libX11-xcb.so.1.0.0
69a3e000-69a42000 r-xp 00000000 08:01 4461025    /usr/lib/i386-linux-gnu/libXxf86vm.so.1.0.0
69a42000-69a43000 r--p 00003000 08:01 4461025    /usr/lib/i386-linux-gnu/libXxf86vm.so.1.0.0
69a43000-69a44000 rw-p 00004000 08:01 4461025    /usr/lib/i386-linux-gnu/libXxf86vm.so.1.0.0
69a44000-69a45000 r-xp 00000000 08:01 4468216    /usr/lib/jvm/java-7-openjdk-i386/jre/lib/i386/libjawt.so
69a45000-69a46000 r--p 00000000 08:01 4468216    /usr/lib/jvm/java-7-openjdk-i386/jre/lib/i386/libjawt.so
69a46000-69a47000 rw-p 00001000 08:01 4468216    /usr/lib/jvm/java-7-openjdk-i386/jre/lib/i386/libjawt.so
69a47000-69a4e000 r--s 00000000 08:01 4477638    /usr/lib/i386-linux-gnu/gconv/gconv-modules.cache
69a4e000-69bfb000 r--s 01cec000 08:01 4468188    /usr/lib/jvm/java-7-openjdk-i386/jre/lib/rt.jar
69bfb000-6ca00000 rw-p 00000000 00:00 0 
6ca00000-6cafe000 rw-p 00000000 00:00 0 
6cafe000-6cb00000 ---p 00000000 00:00 0 
6cb00000-6cb01000 rw-p 00000000 00:00 0 
6cb01000-6cb02000 rw-s 10a779000 00:05 8146      /dev/dri/card0
6cb02000-6cb03000 r-xp 00000000 08:01 4457241    /usr/lib/i386-linux-gnu/libgthread-2.0.so.0.3200.4
6cb03000-6cb04000 r--p 00000000 08:01 4457241    /usr/lib/i386-linux-gnu/libgthread-2.0.so.0.3200.4
6cb04000-6cb05000 rw-p 00001000 08:01 4457241    /usr/lib/i386-linux-gnu/libgthread-2.0.so.0.3200.4
6cb05000-6cb0a000 r-xp 00000000 08:01 4461175    /usr/lib/i386-linux-gnu/libffi.so.6.0.0
6cb0a000-6cb0b000 r--p 00004000 08:01 4461175    /usr/lib/i386-linux-gnu/libffi.so.6.0.0
6cb0b000-6cb0c000 rw-p 00005000 08:01 4461175    /usr/lib/i386-linux-gnu/libffi.so.6.0.0
6cb0c000-6cb22000 r-xp 00000000 08:01 4468210    /usr/lib/jvm/java-7-openjdk-i386/jre/lib/i386/libnet.so
6cb22000-6cb23000 r--p 00015000 08:01 4468210    /usr/lib/jvm/java-7-openjdk-i386/jre/lib/i386/libnet.so
6cb23000-6cb24000 rw-p 00016000 08:01 4468210    /usr/lib/jvm/java-7-openjdk-i386/jre/lib/i386/libnet.so
6cb24000-6cb35000 r-xp 00000000 08:01 4468209    /usr/lib/jvm/java-7-openjdk-i386/jre/lib/i386/libnio.so
6cb35000-6cb36000 r--p 00010000 08:01 4468209    /usr/lib/jvm/java-7-openjdk-i386/jre/lib/i386/libnio.so
6cb36000-6cb37000 rw-p 00011000 08:01 4468209    /usr/lib/jvm/java-7-openjdk-i386/jre/lib/i386/libnio.so
6cb37000-6cb38000 ---p 00000000 00:00 0 
6cb38000-6cc00000 rw-p 00000000 00:00 0          [stack:6945]
6cc00000-6cc21000 rw-p 00000000 00:00 0 
6cc21000-6cd00000 ---p 00000000 00:00 0 
6cd00000-6cd03000 r-xp 00000000 08:01 4472948    /usr/lib/i386-linux-gnu/libgmodule-2.0.so.0.3200.4
6cd03000-6cd04000 r--p 00002000 08:01 4472948    /usr/lib/i386-linux-gnu/libgmodule-2.0.so.0.3200.4
6cd04000-6cd05000 rw-p 00003000 08:01 4472948    /usr/lib/i386-linux-gnu/libgmodule-2.0.so.0.3200.4
6cd05000-6cd0e000 r--s 000bc000 08:01 4463950    /usr/lib/jvm/java-7-openjdk-common/jre/lib/resources.jar
6cd0e000-6cd10000 r--s 00000000 08:01 1849220    /home/bcolombi/.m2/repository/aopalliance/aopalliance/1.0/aopalliance-1.0.jar
6cd10000-6cd11000 r--s 00000000 08:01 2519280    /home/bcolombi/.m2/repository/javax/inject/javax.inject/1/javax.inject-1.jar
6cd11000-6cd20000 r--s 0009f000 08:01 1974676    /home/bcolombi/.m2/repository/com/google/inject/guice/3.0/guice-3.0.jar
6cd20000-6cd21000 r--s 00002000 08:01 1721616    /home/bcolombi/.m2/repository/org/l33tlabs/twl/pngdecoder/1.0/pngdecoder-1.0.jar
6cd21000-6cd23000 r--s 0000d000 08:01 3556945    /home/bcolombi/.m2/repository/net/onedaybeard/artemis/artemis-odb/0.4.0/artemis-odb-0.4.0.jar
6cd23000-6cd29000 r--s 00068000 08:01 2896323    /home/bcolombi/.m2/repository/com/google/protobuf/protobuf-java/2.4.1/protobuf-java-2.4.1.jar
6cd29000-6cd2b000 r--s 00017000 08:01 2519278    /home/bcolombi/.m2/repository/org/jcraft/jorbis/0.0.17/jorbis-0.0.17.jar
6cd2b000-6cd2f000 r--s 00027000 08:01 2519215    /home/bcolombi/.m2/repository/org/lwjgl/lwjgl/lwjgl_util/2.9.0/lwjgl_util-2.9.0.jar
6cd2f000-6cd30000 r--s 00002000 08:01 1974646    /home/bcolombi/.m2/repository/net/java/jinput/jinput-platform/2.0.5/jinput-platform-2.0.5-natives-osx.jar
6cd30000-6cd31000 r--s 00025000 08:01 1974648    /home/bcolombi/.m2/repository/net/java/jinput/jinput-platform/2.0.5/jinput-platform-2.0.5-natives-windows.jar
6cd31000-6cd32000 r--s 00002000 08:01 1974643    /home/bcolombi/.m2/repository/net/java/jinput/jinput-platform/2.0.5/jinput-platform-2.0.5-natives-linux.jar
6cd32000-6cd33000 r--s 00001000 08:01 1721579    /home/bcolombi/.m2/repository/net/java/jutils/jutils/1.0.0/jutils-1.0.0.jar
6cd33000-6cd40000 r--s 000e6000 08:01 2519213    /home/bcolombi/.m2/repository/org/lwjgl/lwjgl/lwjgl/2.9.0/lwjgl-2.9.0.jar
6cd40000-6cd41000 ---p 00000000 00:00 0 
6cd41000-6cdc1000 rw-p 00000000 00:00 0          [stack:6943]
6cdc1000-6cdc2000 ---p 00000000 00:00 0 
6cdc2000-6ce4a000 rw-p 00000000 00:00 0          [stack:6942]
6ce4a000-6ce82000 rw-p 00000000 00:00 0 
6ce82000-6ce97000 rw-p 00000000 00:00 0 
6ce97000-6cfce000 rw-p 00000000 00:00 0 
6cfce000-6cfd6000 rw-p 00000000 00:00 0 
6cfd6000-6d00e000 rw-p 00000000 00:00 0 
6d00e000-6d023000 rw-p 00000000 00:00 0 
6d023000-6d159000 rw-p 00000000 00:00 0 
6d159000-6d16c000 rw-p 00000000 00:00 0 
6d16c000-6d1ff000 rw-p 00000000 00:00 0 
6d1ff000-6e200000 rw-p 00000000 00:00 0 
6e200000-75200000 rw-p 00000000 00:00 0 
75200000-77b60000 rw-p 00000000 00:00 0 
77b60000-9e8b0000 rw-p 00000000 00:00 0 
9e8b0000-a0cf0000 rw-p 00000000 00:00 0 
a0cf0000-b3400000 rw-p 00000000 00:00 0 
b3400000-b3404000 r--s 0002f000 08:01 944902     /home/bcolombi/.m2/repository/net/java/jinput/jinput/2.0.5/jinput-2.0.5.jar
b3404000-b3405000 r--s 0007e000 08:01 3159756    /home/bcolombi/.m2/repository/org/lwjgl/lwjgl/lwjgl-platform/2.9.0/lwjgl-platform-2.9.0-natives-osx.jar
b3405000-b3406000 r--s 0008a000 08:01 3159755    /home/bcolombi/.m2/repository/org/lwjgl/lwjgl/lwjgl-platform/2.9.0/lwjgl-platform-2.9.0-natives-linux.jar
b3406000-b3407000 r--s 00094000 08:01 3159754    /home/bcolombi/.m2/repository/org/lwjgl/lwjgl/lwjgl-platform/2.9.0/lwjgl-platform-2.9.0-natives-windows.jar
b3407000-b340a000 r--s 0003c000 08:01 4460000    /usr/lib/jvm/java-7-openjdk-common/jre/lib/ext/sunpkcs11.jar
b340a000-b340d000 r--s 0000f000 08:01 4459999    /usr/lib/jvm/java-7-openjdk-common/jre/lib/ext/pulse-java.jar
b340d000-b3416000 rw-p 00000000 00:00 0 
b3416000-b34cd000 rw-p 00000000 00:00 0 
b34cd000-b370d000 rwxp 00000000 00:00 0 
b370d000-b64cd000 rw-p 00000000 00:00 0 
b64cd000-b64d8000 r-xp 00000000 08:01 786642     /lib/i386-linux-gnu/libnss_files-2.15.so
b64d8000-b64d9000 r--p 0000a000 08:01 786642     /lib/i386-linux-gnu/libnss_files-2.15.so
b64d9000-b64da000 rw-p 0000b000 08:01 786642     /lib/i386-linux-gnu/libnss_files-2.15.so
b64da000-b64e4000 r-xp 00000000 08:01 786641     /lib/i386-linux-gnu/libnss_nis-2.15.so
b64e4000-b64e5000 r--p 00009000 08:01 786641     /lib/i386-linux-gnu/libnss_nis-2.15.so
b64e5000-b64e6000 rw-p 0000a000 08:01 786641     /lib/i386-linux-gnu/libnss_nis-2.15.so
b64e6000-b64fc000 r-xp 00000000 08:01 786628     /lib/i386-linux-gnu/libnsl-2.15.so
b64fc000-b64fd000 r--p 00015000 08:01 786628     /lib/i386-linux-gnu/libnsl-2.15.so
b64fd000-b64fe000 rw-p 00016000 08:01 786628     /lib/i386-linux-gnu/libnsl-2.15.so
b64fe000-b6500000 rw-p 00000000 00:00 0 
b6500000-b65f2000 rw-p 00000000 00:00 0 
b65f2000-b6600000 ---p 00000000 00:00 0 
b6600000-b6607000 r-xp 00000000 08:01 786643     /lib/i386-linux-gnu/libnss_compat-2.15.so
b6607000-b6608000 r--p 00006000 08:01 786643     /lib/i386-linux-gnu/libnss_compat-2.15.so
b6608000-b6609000 rw-p 00007000 08:01 786643     /lib/i386-linux-gnu/libnss_compat-2.15.so
b6609000-b660b000 r--s 00012000 08:01 4460263    /usr/lib/jvm/java-7-openjdk-common/jre/lib/ext/zipfs.jar
b660b000-b660e000 r--s 00032000 08:01 4459998    /usr/lib/jvm/java-7-openjdk-common/jre/lib/ext/sunjce_provider.jar
b660e000-b6616000 r-xp 00000000 08:01 4468222    /usr/lib/jvm/java-7-openjdk-i386/jre/lib/i386/libzip.so
b6616000-b6617000 r--p 00007000 08:01 4468222    /usr/lib/jvm/java-7-openjdk-i386/jre/lib/i386/libzip.so
b6617000-b6618000 rw-p 00008000 08:01 4468222    /usr/lib/jvm/java-7-openjdk-i386/jre/lib/i386/libzip.so
b6618000-b6620000 rw-s 00000000 08:01 1209107    /tmp/hsperfdata_bcolombi/6938
b6620000-b6647000 r-xp 00000000 08:01 4468201    /usr/lib/jvm/java-7-openjdk-i386/jre/lib/i386/libjava.so
b6647000-b6648000 r--p 00026000 08:01 4468201    /usr/lib/jvm/java-7-openjdk-i386/jre/lib/i386/libjava.so
b6648000-b6649000 rw-p 00027000 08:01 4468201    /usr/lib/jvm/java-7-openjdk-i386/jre/lib/i386/libjava.so
b6649000-b6650000 r-xp 00000000 08:01 786636     /lib/i386-linux-gnu/librt-2.15.so
b6650000-b6651000 r--p 00006000 08:01 786636     /lib/i386-linux-gnu/librt-2.15.so
b6651000-b6652000 rw-p 00007000 08:01 786636     /lib/i386-linux-gnu/librt-2.15.so
b6652000-b6655000 ---p 00000000 00:00 0 
b6655000-b66a3000 rw-p 00000000 00:00 0          [stack:6940]
b66a3000-b66bf000 r-xp 00000000 08:01 787351     /lib/i386-linux-gnu/libgcc_s.so.1
b66bf000-b66c0000 r--p 0001b000 08:01 787351     /lib/i386-linux-gnu/libgcc_s.so.1
b66c0000-b66c1000 rw-p 0001c000 08:01 787351     /lib/i386-linux-gnu/libgcc_s.so.1
b66c1000-b66eb000 r-xp 00000000 08:01 786640     /lib/i386-linux-gnu/libm-2.15.so
b66eb000-b66ec000 r--p 00029000 08:01 786640     /lib/i386-linux-gnu/libm-2.15.so
b66ec000-b66ed000 rw-p 0002a000 08:01 786640     /lib/i386-linux-gnu/libm-2.15.so
b66ed000-b67c5000 r-xp 00000000 08:01 4461525    /usr/lib/i386-linux-gnu/libstdc++.so.6.0.16
b67c5000-b67c6000 ---p 000d8000 08:01 4461525    /usr/lib/i386-linux-gnu/libstdc++.so.6.0.16
b67c6000-b67ca000 r--p 000d8000 08:01 4461525    /usr/lib/i386-linux-gnu/libstdc++.so.6.0.16
b67ca000-b67cb000 rw-p 000dc000 08:01 4461525    /usr/lib/i386-linux-gnu/libstdc++.so.6.0.16
b67cb000-b67d2000 rw-p 00000000 00:00 0 
b67d2000-b70b7000 r-xp 00000000 08:01 4468197    /usr/lib/jvm/java-7-openjdk-i386/jre/lib/i386/server/libjvm.so
b70b7000-b70fe000 r--p 008e5000 08:01 4468197    /usr/lib/jvm/java-7-openjdk-i386/jre/lib/i386/server/libjvm.so
b70fe000-b7112000 rw-p 0092c000 08:01 4468197    /usr/lib/jvm/java-7-openjdk-i386/jre/lib/i386/server/libjvm.so
b7112000-b7530000 rw-p 00000000 00:00 0 
b7530000-b7544000 r-xp 00000000 08:01 787441     /lib/i386-linux-gnu/libz.so.1.2.3.4
b7544000-b7545000 r--p 00013000 08:01 787441     /lib/i386-linux-gnu/libz.so.1.2.3.4
b7545000-b7546000 rw-p 00014000 08:01 787441     /lib/i386-linux-gnu/libz.so.1.2.3.4
b7546000-b755d000 r-xp 00000000 08:01 786634     /lib/i386-linux-gnu/libpthread-2.15.so
b755d000-b755e000 r--p 00016000 08:01 786634     /lib/i386-linux-gnu/libpthread-2.15.so
b755e000-b755f000 rw-p 00017000 08:01 786634     /lib/i386-linux-gnu/libpthread-2.15.so
b755f000-b7561000 rw-p 00000000 00:00 0 
b7561000-b7564000 r-xp 00000000 08:01 786644     /lib/i386-linux-gnu/libdl-2.15.so
b7564000-b7565000 r--p 00002000 08:01 786644     /lib/i386-linux-gnu/libdl-2.15.so
b7565000-b7566000 rw-p 00003000 08:01 786644     /lib/i386-linux-gnu/libdl-2.15.so
b7566000-b770a000 r-xp 00000000 08:01 786645     /lib/i386-linux-gnu/libc-2.15.so
b770a000-b770c000 r--p 001a4000 08:01 786645     /lib/i386-linux-gnu/libc-2.15.so
b770c000-b770d000 rw-p 001a6000 08:01 786645     /lib/i386-linux-gnu/libc-2.15.so
b770d000-b7710000 rw-p 00000000 00:00 0 
b7710000-b7711000 r--s 00007000 08:01 2751       /usr/share/java/java-atk-wrapper.jar
b7711000-b7712000 r--s 00002000 08:01 4459997    /usr/lib/jvm/java-7-openjdk-common/jre/lib/ext/dnsns.jar
b7712000-b7716000 r--s 00085000 08:01 4460119    /usr/lib/jvm/java-7-openjdk-common/jre/lib/ext/localedata.jar
b7716000-b7717000 r--p 00858000 08:01 4463926    /usr/lib/locale/locale-archive
b7717000-b7718000 rw-p 00000000 00:00 0 
b7718000-b7719000 r--p 00000000 00:00 0 
b7719000-b7725000 r-xp 00000000 08:01 4468212    /usr/lib/jvm/java-7-openjdk-i386/jre/lib/i386/libverify.so
b7725000-b7726000 r--p 0000b000 08:01 4468212    /usr/lib/jvm/java-7-openjdk-i386/jre/lib/i386/libverify.so
b7726000-b7727000 rw-p 0000c000 08:01 4468212    /usr/lib/jvm/java-7-openjdk-i386/jre/lib/i386/libverify.so
b7727000-b7734000 r-xp 00000000 08:01 4468203    /usr/lib/jvm/java-7-openjdk-i386/jre/lib/i386/jli/libjli.so
b7734000-b7735000 r--p 0000c000 08:01 4468203    /usr/lib/jvm/java-7-openjdk-i386/jre/lib/i386/jli/libjli.so
b7735000-b7736000 rw-p 0000d000 08:01 4468203    /usr/lib/jvm/java-7-openjdk-i386/jre/lib/i386/jli/libjli.so
b7736000-b7739000 rw-p 00000000 00:00 0 
b7739000-b773a000 r-xp 00000000 00:00 0          [vdso]
b773a000-b775a000 r-xp 00000000 08:01 786635     /lib/i386-linux-gnu/ld-2.15.so
b775a000-b775b000 r--p 0001f000 08:01 786635     /lib/i386-linux-gnu/ld-2.15.so
b775b000-b775c000 rw-p 00020000 08:01 786635     /lib/i386-linux-gnu/ld-2.15.so
bfa78000-bfa99000 rw-p 00000000 00:00 0          [stack]

VM Arguments:
java_command: org.geekygoblin.nedetlesmaki.game.Main
Launcher Type: SUN_STANDARD

Environment Variables:
JAVA_HOME=/usr/lib/jvm/java-7-openjdk-i386
PATH=/usr/lib/lightdm/lightdm:/usr/local/sbin:/usr/local/bin:/usr/sbin:/usr/bin:/sbin:/bin:/usr/games
LD_LIBRARY_PATH=/usr/lib/jvm/java-7-openjdk-i386/bin/../jre/lib/amd64:/usr/lib/jvm/java-7-openjdk-i386/bin/../jre/lib/i386:
SHELL=/bin/bash
DISPLAY=:0

Signal Handlers:
SIGSEGV: [libjvm.so+0x756900], sa_mask[0]=0x7ffbfeff, sa_flags=0x10000004
SIGBUS: [libjvm.so+0x756900], sa_mask[0]=0x7ffbfeff, sa_flags=0x10000004
SIGFPE: [libjvm.so+0x5eb350], sa_mask[0]=0x7ffbfeff, sa_flags=0x10000004
SIGPIPE: [libjvm.so+0x5eb350], sa_mask[0]=0x7ffbfeff, sa_flags=0x10000004
SIGXFSZ: [libjvm.so+0x5eb350], sa_mask[0]=0x7ffbfeff, sa_flags=0x10000004
SIGILL: [libjvm.so+0x5eb350], sa_mask[0]=0x7ffbfeff, sa_flags=0x10000004
SIGUSR1: SIG_DFL, sa_mask[0]=0x00000000, sa_flags=0x00000000
SIGUSR2: [libjvm.so+0x5eb1e0], sa_mask[0]=0x00000004, sa_flags=0x10000004
SIGHUP: [libjvm.so+0x5eb860], sa_mask[0]=0x7ffbfeff, sa_flags=0x10000004
SIGINT: SIG_IGN, sa_mask[0]=0x00000000, sa_flags=0x00000000
SIGTERM: [libjvm.so+0x5eb860], sa_mask[0]=0x7ffbfeff, sa_flags=0x10000004
SIGQUIT: [libjvm.so+0x5eb860], sa_mask[0]=0x7ffbfeff, sa_flags=0x10000004


---------------  S Y S T E M  ---------------

OS:Ubuntu 12.04 (precise)
uname:Linux 3.8.0-33-generic #48~precise1-Ubuntu SMP Thu Oct 24 16:31:16 UTC 2013 i686
libc:glibc 2.15 NPTL 2.15 
rlimit: STACK 8192k, CORE 0k, NPROC 31641, NOFILE 4096, AS infinity
load average:1,89 1,38 1,40

/proc/meminfo:
MemTotal:        4066592 kB
MemFree:          238960 kB
Buffers:           84260 kB
Cached:           683136 kB
SwapCached:            8 kB
Active:          2483612 kB
Inactive:        1020944 kB
Active(anon):    2147076 kB
Inactive(anon):   639916 kB
Active(file):     336536 kB
Inactive(file):   381028 kB
Unevictable:          16 kB
Mlocked:              16 kB
HighTotal:       3213324 kB
HighFree:          47392 kB
LowTotal:         853268 kB
LowFree:          191568 kB
SwapTotal:       2093052 kB
SwapFree:        2091144 kB
Dirty:               860 kB
Writeback:             0 kB
AnonPages:       2737452 kB
Mapped:           274740 kB
Shmem:             49660 kB
Slab:             129164 kB
SReclaimable:     109448 kB
SUnreclaim:        19716 kB
KernelStack:        5600 kB
PageTables:        16296 kB
NFS_Unstable:          0 kB
Bounce:                0 kB
WritebackTmp:          0 kB
CommitLimit:     4126348 kB
Committed_AS:    6582192 kB
VmallocTotal:     122880 kB
VmallocUsed:       63536 kB
VmallocChunk:      24180 kB
HardwareCorrupted:     0 kB
AnonHugePages:         0 kB
HugePages_Total:       0
HugePages_Free:        0
HugePages_Rsvd:        0
HugePages_Surp:        0
Hugepagesize:       2048 kB
DirectMap4k:       86008 kB
DirectMap2M:      827392 kB


CPU:total 2 (2 cores per cpu, 1 threads per core) family 6 model 15 stepping 11, cmov, cx8, fxsr, mmx, sse, sse2, sse3, ssse3, tsc

/proc/cpuinfo:
processor	: 0
vendor_id	: GenuineIntel
cpu family	: 6
model		: 15
model name	: Intel(R) Core(TM)2 Duo CPU     E6850  @ 3.00GHz
stepping	: 11
microcode	: 0xb6
cpu MHz		: 2992.586
cache size	: 4096 KB
physical id	: 0
siblings	: 2
core id		: 0
cpu cores	: 2
apicid		: 0
initial apicid	: 0
fdiv_bug	: no
hlt_bug		: no
f00f_bug	: no
coma_bug	: no
fpu		: yes
fpu_exception	: yes
cpuid level	: 10
wp		: yes
flags		: fpu vme de pse tsc msr pae mce cx8 apic sep mtrr pge mca cmov pat pse36 clflush dts acpi mmx fxsr sse sse2 ss ht tm pbe nx lm constant_tsc arch_perfmon pebs bts aperfmperf pni dtes64 monitor ds_cpl vmx smx est tm2 ssse3 cx16 xtpr pdcm lahf_lm dtherm tpr_shadow vnmi flexpriority
bogomips	: 5985.17
clflush size	: 64
cache_alignment	: 64
address sizes	: 36 bits physical, 48 bits virtual
power management:

processor	: 1
vendor_id	: GenuineIntel
cpu family	: 6
model		: 15
model name	: Intel(R) Core(TM)2 Duo CPU     E6850  @ 3.00GHz
stepping	: 11
microcode	: 0xb6
cpu MHz		: 2992.586
cache size	: 4096 KB
physical id	: 0
siblings	: 2
core id		: 1
cpu cores	: 2
apicid		: 1
initial apicid	: 1
fdiv_bug	: no
hlt_bug		: no
f00f_bug	: no
coma_bug	: no
fpu		: yes
fpu_exception	: yes
cpuid level	: 10
wp		: yes
flags		: fpu vme de pse tsc msr pae mce cx8 apic sep mtrr pge mca cmov pat pse36 clflush dts acpi mmx fxsr sse sse2 ss ht tm pbe nx lm constant_tsc arch_perfmon pebs bts aperfmperf pni dtes64 monitor ds_cpl vmx smx est tm2 ssse3 cx16 xtpr pdcm lahf_lm dtherm tpr_shadow vnmi flexpriority
bogomips	: 5985.17
clflush size	: 64
cache_alignment	: 64
address sizes	: 36 bits physical, 48 bits virtual
power management:



Memory: 4k page, physical 4066592k(238960k free), swap 2093052k(2091144k free)

vm_info: OpenJDK Server VM (23.7-b01) for linux-x86 JRE (1.7.0_25-b30), built on Jul 15 2013 20:45:25 by "buildd" with gcc 4.6.3

time: Tue Dec  3 12:12:46 2013
elapsed time: 3 seconds

